#
# There is insufficient memory for the Java Runtime Environment to continue.
# Native memory allocation (malloc) failed to allocate 32744 bytes for ChunkPool::allocate
# Possible reasons:
#   The system is out of physical RAM or swap space
#   The process is running with CompressedOops enabled, and the Java Heap may be blocking the growth of the native heap
# Possible solutions:
#   Reduce memory load on the system
#   Increase physical memory or swap space
#   Check if swap backing store is full
#   Decrease Java heap size (-Xmx/-Xms)
#   Decrease number of Java threads
#   Decrease Java thread stack sizes (-Xss)
#   Set larger code cache with -XX:ReservedCodeCacheSize=
#   JVM is running with Unscaled Compressed Oops mode in which the Java heap is
#     placed in the first 4GB address space. The Java Heap base address is the
#     maximum limit for the native heap growth. Please use -XX:HeapBaseMinAddress
#     to set the Java Heap base and to place the Java Heap above 4GB virtual address.
# This output file may be truncated or incomplete.
#
#  Out of Memory Error (allocation.cpp:272), pid=17112, tid=0x00000000000007d0
#
# JRE version: Java(TM) SE Runtime Environment (8.0_241-b07) (build 1.8.0_241-b07)
# Java VM: Java HotSpot(TM) 64-Bit Server VM (25.241-b07 mixed mode windows-amd64 compressed oops)
# Failed to write core dump. Minidumps are not enabled by default on client versions of Windows
#

---------------  T H R E A D  ---------------

Current thread (0x0000000002656000):  JavaThread "main" [_thread_in_vm, id=2000, stack(0x0000000002550000,0x0000000002650000)]

Stack: [0x0000000002550000,0x0000000002650000]
[error occurred during error reporting (printing stack bounds), id 0xc0000005]

Native frames: (J=compiled Java code, j=interpreted, Vv=VM code, C=native code)

Java frames: (J=compiled Java code, j=interpreted, Vv=VM code)
J 836  java.lang.ClassLoader.defineClass1(Ljava/lang/String;[BIILjava/security/ProtectionDomain;Ljava/lang/String;)Ljava/lang/Class; (0 bytes) @ 0x00000000029a149f [0x00000000029a1400+0x9f]
J 758 C1 java.lang.ClassLoader.defineClass(Ljava/lang/String;[BIILjava/security/ProtectionDomain;)Ljava/lang/Class; (43 bytes) @ 0x000000000297a41c [0x000000000297a320+0xfc]
J 762 C1 java.net.URLClassLoader.defineClass(Ljava/lang/String;Lsun/misc/Resource;)Ljava/lang/Class; (142 bytes) @ 0x000000000297d0cc [0x000000000297c700+0x9cc]
J 683 C1 java.net.URLClassLoader$1.run()Ljava/lang/Class; (63 bytes) @ 0x000000000295f334 [0x000000000295f280+0xb4]
J 682 C1 java.net.URLClassLoader$1.run()Ljava/lang/Object; (5 bytes) @ 0x000000000295ef54 [0x000000000295ef20+0x34]
v  ~StubRoutines::call_stub
J 541  java.security.AccessController.doPrivileged(Ljava/security/PrivilegedExceptionAction;Ljava/security/AccessControlContext;)Ljava/lang/Object; (0 bytes) @ 0x00000000029195a6 [0x0000000002919540+0x66]
J 629 C1 java.net.URLClassLoader.findClass(Ljava/lang/String;)Ljava/lang/Class; (47 bytes) @ 0x00000000029468b4 [0x0000000002946800+0xb4]
J 520 C1 java.lang.ClassLoader.loadClass(Ljava/lang/String;Z)Ljava/lang/Class; (122 bytes) @ 0x0000000002911c64 [0x0000000002911960+0x304]
J 592 C1 sun.misc.Launcher$AppClassLoader.loadClass(Ljava/lang/String;Z)Ljava/lang/Class; (85 bytes) @ 0x0000000002932704 [0x0000000002932420+0x2e4]
J 590 C1 java.lang.ClassLoader.loadClass(Ljava/lang/String;)Ljava/lang/Class; (7 bytes) @ 0x0000000002931d24 [0x0000000002931ce0+0x44]
v  ~StubRoutines::call_stub
J 836  java.lang.ClassLoader.defineClass1(Ljava/lang/String;[BIILjava/security/ProtectionDomain;Ljava/lang/String;)Ljava/lang/Class; (0 bytes) @ 0x00000000029a149f [0x00000000029a1400+0x9f]
J 758 C1 java.lang.ClassLoader.defineClass(Ljava/lang/String;[BIILjava/security/ProtectionDomain;)Ljava/lang/Class; (43 bytes) @ 0x000000000297a41c [0x000000000297a320+0xfc]
J 762 C1 java.net.URLClassLoader.defineClass(Ljava/lang/String;Lsun/misc/Resource;)Ljava/lang/Class; (142 bytes) @ 0x000000000297d0cc [0x000000000297c700+0x9cc]
J 683 C1 java.net.URLClassLoader$1.run()Ljava/lang/Class; (63 bytes) @ 0x000000000295f334 [0x000000000295f280+0xb4]
J 682 C1 java.net.URLClassLoader$1.run()Ljava/lang/Object; (5 bytes) @ 0x000000000295ef54 [0x000000000295ef20+0x34]
v  ~StubRoutines::call_stub
J 541  java.security.AccessController.doPrivileged(Ljava/security/PrivilegedExceptionAction;Ljava/security/AccessControlContext;)Ljava/lang/Object; (0 bytes) @ 0x00000000029195a6 [0x0000000002919540+0x66]
J 629 C1 java.net.URLClassLoader.findClass(Ljava/lang/String;)Ljava/lang/Class; (47 bytes) @ 0x00000000029468b4 [0x0000000002946800+0xb4]
J 520 C1 java.lang.ClassLoader.loadClass(Ljava/lang/String;Z)Ljava/lang/Class; (122 bytes) @ 0x0000000002911c64 [0x0000000002911960+0x304]
J 592 C1 sun.misc.Launcher$AppClassLoader.loadClass(Ljava/lang/String;Z)Ljava/lang/Class; (85 bytes) @ 0x0000000002932704 [0x0000000002932420+0x2e4]
J 590 C1 java.lang.ClassLoader.loadClass(Ljava/lang/String;)Ljava/lang/Class; (7 bytes) @ 0x0000000002931d24 [0x0000000002931ce0+0x44]
v  ~StubRoutines::call_stub
j  org.hibernate.internal.SessionFactoryImpl$SessionBuilderImpl.openSession()Lorg/hibernate/Session;+12
j  org.hibernate.internal.SessionFactoryImpl.buildEntityManager(Ljavax/persistence/SynchronizationType;Ljava/util/Map;)Lorg/hibernate/Session;+53
j  org.hibernate.internal.SessionFactoryImpl.createEntityManager()Lorg/hibernate/Session;+9
j  org.hibernate.internal.SessionFactoryImpl.createEntityManager()Ljavax/persistence/EntityManager;+1
v  ~StubRoutines::call_stub
J 1733  sun.reflect.NativeMethodAccessorImpl.invoke0(Ljava/lang/reflect/Method;Ljava/lang/Object;[Ljava/lang/Object;)Ljava/lang/Object; (0 bytes) @ 0x0000000002aebdff [0x0000000002aebd80+0x7f]
J 1732 C1 sun.reflect.NativeMethodAccessorImpl.invoke(Ljava/lang/Object;[Ljava/lang/Object;)Ljava/lang/Object; (104 bytes) @ 0x0000000002aeb55c [0x0000000002aeb1e0+0x37c]
J 1636 C1 sun.reflect.DelegatingMethodAccessorImpl.invoke(Ljava/lang/Object;[Ljava/lang/Object;)Ljava/lang/Object; (10 bytes) @ 0x0000000002abc9e4 [0x0000000002abc9a0+0x44]
J 1800 C1 java.lang.reflect.Method.invoke(Ljava/lang/Object;[Ljava/lang/Object;)Ljava/lang/Object; (62 bytes) @ 0x0000000002b05f94 [0x0000000002b05ea0+0xf4]
j  org.springframework.orm.jpa.AbstractEntityManagerFactoryBean.invokeProxyMethod(Ljava/lang/reflect/Method;[Ljava/lang/Object;)Ljava/lang/Object;+157
j  org.springframework.orm.jpa.AbstractEntityManagerFactoryBean$ManagedEntityManagerFactoryInvocationHandler.invoke(Ljava/lang/Object;Ljava/lang/reflect/Method;[Ljava/lang/Object;)Ljava/lang/Object;+98
j  com.sun.proxy.$Proxy90.createEntityManager()Ljavax/persistence/EntityManager;+9
j  org.springframework.orm.jpa.SharedEntityManagerCreator$SharedEntityManagerInvocationHandler.invoke(Ljava/lang/Object;Ljava/lang/reflect/Method;[Ljava/lang/Object;)Ljava/lang/Object;+481
j  com.sun.proxy.$Proxy92.getDelegate()Ljava/lang/Object;+9
j  org.springframework.data.jpa.provider.PersistenceProvider.fromEntityManager(Ljavax/persistence/EntityManager;)Lorg/springframework/data/jpa/provider/PersistenceProvider;+7
j  org.springframework.data.jpa.repository.support.JpaRepositoryFactory.<init>(Ljavax/persistence/EntityManager;)V+24
j  org.springframework.data.jpa.repository.support.JpaRepositoryFactoryBean.createRepositoryFactory(Ljavax/persistence/EntityManager;)Lorg/springframework/data/repository/core/support/RepositoryFactorySupport;+5
j  org.springframework.data.jpa.repository.support.JpaRepositoryFactoryBean.doCreateRepositoryFactory()Lorg/springframework/data/repository/core/support/RepositoryFactorySupport;+22
j  org.springframework.data.repository.core.support.TransactionalRepositoryFactoryBeanSupport.createRepositoryFactory()Lorg/springframework/data/repository/core/support/RepositoryFactorySupport;+1
j  org.springframework.data.repository.core.support.RepositoryFactoryBeanSupport.afterPropertiesSet()V+2
j  org.springframework.data.jpa.repository.support.JpaRepositoryFactoryBean.afterPropertiesSet()V+18
j  org.springframework.beans.factory.support.AbstractAutowireCapableBeanFactory.invokeInitMethods(Ljava/lang/String;Ljava/lang/Object;Lorg/springframework/beans/factory/support/RootBeanDefinition;)V+106
j  org.springframework.beans.factory.support.AbstractAutowireCapableBeanFactory.initializeBean(Ljava/lang/String;Ljava/lang/Object;Lorg/springframework/beans/factory/support/RootBeanDefinition;)Ljava/lang/Object;+59
j  org.springframework.beans.factory.support.AbstractAutowireCapableBeanFactory.doCreateBean(Ljava/lang/String;Lorg/springframework/beans/factory/support/RootBeanDefinition;[Ljava/lang/Object;)Ljava/lang/Object;+245
j  org.springframework.beans.factory.support.AbstractAutowireCapableBeanFactory.createBean(Ljava/lang/String;Lorg/springframework/beans/factory/support/RootBeanDefinition;[Ljava/lang/Object;)Ljava/lang/Object;+169
j  org.springframework.beans.factory.support.AbstractBeanFactory.lambda$doGetBean$0(Ljava/lang/String;Lorg/springframework/beans/factory/support/RootBeanDefinition;[Ljava/lang/Object;)Ljava/lang/Object;+4
j  org.springframework.beans.factory.support.AbstractBeanFactory$$Lambda$147.getObject()Ljava/lang/Object;+16
j  org.springframework.beans.factory.support.DefaultSingletonBeanRegistry.getSingleton(Ljava/lang/String;Lorg/springframework/beans/factory/ObjectFactory;)Ljava/lang/Object;+132
J 2282 C1 org.springframework.beans.factory.support.AbstractBeanFactory.doGetBean(Ljava/lang/String;Ljava/lang/Class;[Ljava/lang/Object;Z)Ljava/lang/Object; (833 bytes) @ 0x0000000002bcd59c [0x0000000002bcd080+0x51c]
j  org.springframework.beans.factory.support.AbstractBeanFactory.getBean(Ljava/lang/String;)Ljava/lang/Object;+5
j  org.springframework.beans.factory.config.DependencyDescriptor.resolveCandidate(Ljava/lang/String;Ljava/lang/Class;Lorg/springframework/beans/factory/BeanFactory;)Ljava/lang/Object;+2
j  org.springframework.beans.factory.support.DefaultListableBeanFactory.doResolveDependency(Lorg/springframework/beans/factory/config/DependencyDescriptor;Ljava/lang/String;Ljava/util/Set;Lorg/springframework/beans/TypeConverter;)Ljava/lang/Object;+440
j  org.springframework.beans.factory.support.DefaultListableBeanFactory.resolveDependency(Lorg/springframework/beans/factory/config/DependencyDescriptor;Ljava/lang/String;Ljava/util/Set;Lorg/springframework/beans/TypeConverter;)Ljava/lang/Object;+108
j  org.springframework.beans.factory.support.ConstructorResolver.resolveAutowiredArgument(Lorg/springframework/core/MethodParameter;Ljava/lang/String;Ljava/util/Set;Lorg/springframework/beans/TypeConverter;Z)Ljava/lang/Object;+79
j  org.springframework.beans.factory.support.ConstructorResolver.createArgumentArray(Ljava/lang/String;Lorg/springframework/beans/factory/support/RootBeanDefinition;Lorg/springframework/beans/factory/config/ConstructorArgumentValues;Lorg/springframework/beans/BeanWrapper;[Ljava/lang/Class;[Ljava/lang/String;Ljava/lang/reflect/Executable;ZZ)Lorg/springframework/beans/factory/support/ConstructorResolver$ArgumentsHolder;+434
j  org.springframework.beans.factory.support.ConstructorResolver.autowireConstructor(Ljava/lang/String;Lorg/springframework/beans/factory/support/RootBeanDefinition;[Ljava/lang/reflect/Constructor;[Ljava/lang/Object;)Lorg/springframework/beans/BeanWrapper;+546
j  org.springframework.beans.factory.support.AbstractAutowireCapableBeanFactory.autowireConstructor(Ljava/lang/String;Lorg/springframework/beans/factory/support/RootBeanDefinition;[Ljava/lang/reflect/Constructor;[Ljava/lang/Object;)Lorg/springframework/beans/BeanWrapper;+13
j  org.springframework.beans.factory.support.AbstractAutowireCapableBeanFactory.createBeanInstance(Ljava/lang/String;Lorg/springframework/beans/factory/support/RootBeanDefinition;[Ljava/lang/Object;)Lorg/springframework/beans/BeanWrapper;+221
j  org.springframework.beans.factory.support.AbstractAutowireCapableBeanFactory.doCreateBean(Ljava/lang/String;Lorg/springframework/beans/factory/support/RootBeanDefinition;[Ljava/lang/Object;)Ljava/lang/Object;+34
j  org.springframework.beans.factory.support.AbstractAutowireCapableBeanFactory.createBean(Ljava/lang/String;Lorg/springframework/beans/factory/support/RootBeanDefinition;[Ljava/lang/Object;)Ljava/lang/Object;+169
j  org.springframework.beans.factory.support.AbstractBeanFactory.lambda$doGetBean$0(Ljava/lang/String;Lorg/springframework/beans/factory/support/RootBeanDefinition;[Ljava/lang/Object;)Ljava/lang/Object;+4
j  org.springframework.beans.factory.support.AbstractBeanFactory$$Lambda$147.getObject()Ljava/lang/Object;+16
j  org.springframework.beans.factory.support.DefaultSingletonBeanRegistry.getSingleton(Ljava/lang/String;Lorg/springframework/beans/factory/ObjectFactory;)Ljava/lang/Object;+132
J 2282 C1 org.springframework.beans.factory.support.AbstractBeanFactory.doGetBean(Ljava/lang/String;Ljava/lang/Class;[Ljava/lang/Object;Z)Ljava/lang/Object; (833 bytes) @ 0x0000000002bcd59c [0x0000000002bcd080+0x51c]
j  org.springframework.beans.factory.support.AbstractBeanFactory.getBean(Ljava/lang/String;)Ljava/lang/Object;+5
j  org.springframework.beans.factory.support.DefaultListableBeanFactory.preInstantiateSingletons()V+248
j  org.springframework.context.support.AbstractApplicationContext.finishBeanFactoryInitialization(Lorg/springframework/beans/factory/config/ConfigurableListableBeanFactory;)V+124
j  org.springframework.context.support.AbstractApplicationContext.refresh()V+54
j  org.springframework.boot.web.servlet.context.ServletWebServerApplicationContext.refresh()V+1
j  org.springframework.boot.SpringApplication.refresh(Lorg/springframework/context/ApplicationContext;)V+10
j  org.springframework.boot.SpringApplication.refreshContext(Lorg/springframework/context/ConfigurableApplicationContext;)V+2
j  org.springframework.boot.SpringApplication.run([Ljava/lang/String;)Lorg/springframework/context/ConfigurableApplicationContext;+118
j  org.springframework.boot.SpringApplication.run([Ljava/lang/Class;[Ljava/lang/String;)Lorg/springframework/context/ConfigurableApplicationContext;+9
j  org.springframework.boot.SpringApplication.run(Ljava/lang/Class;[Ljava/lang/String;)Lorg/springframework/context/ConfigurableApplicationContext;+9
j  br.uece.eesdevops.cearamovies.IntroducaoSpringBootApplication.main([Ljava/lang/String;)V+3
v  ~StubRoutines::call_stub

---------------  P R O C E S S  ---------------

Java Threads: ( => current thread )
  0x0000000018c32800 JavaThread "HikariPool-1 housekeeper" daemon [_thread_blocked, id=5448, stack(0x000000001a520000,0x000000001a620000)]
  0x0000000018c29800 JavaThread "PostgreSQL-JDBC-SharedTimer-1" daemon [_thread_blocked, id=3308, stack(0x000000001a420000,0x000000001a520000)]
  0x0000000018c17800 JavaThread "container-0" [_thread_blocked, id=1408, stack(0x000000001a020000,0x000000001a120000)]
  0x0000000018c14000 JavaThread "Catalina-utility-2" [_thread_blocked, id=8016, stack(0x0000000019f20000,0x000000001a020000)]
  0x0000000018b32800 JavaThread "Catalina-utility-1" [_thread_blocked, id=12540, stack(0x0000000017e50000,0x0000000017f50000)]
  0x000000001713a800 JavaThread "RMI TCP Accept-0" daemon [_thread_in_native, id=20728, stack(0x00000000178f0000,0x00000000179f0000)]
  0x000000001710d800 JavaThread "RMI TCP Accept-59179" daemon [_thread_in_native, id=9512, stack(0x00000000177f0000,0x00000000178f0000)]
  0x0000000017104800 JavaThread "RMI TCP Accept-0" daemon [_thread_in_native, id=18700, stack(0x00000000176f0000,0x00000000177f0000)]
  0x00000000166e8800 JavaThread "Service Thread" daemon [_thread_blocked, id=18260, stack(0x0000000016ab0000,0x0000000016bb0000)]
  0x0000000014da8800 JavaThread "C1 CompilerThread2" daemon [_thread_blocked, id=10136, stack(0x00000000165b0000,0x00000000166b0000)]
  0x0000000014d9e000 JavaThread "C2 CompilerThread1" daemon [_thread_blocked, id=21452, stack(0x00000000164b0000,0x00000000165b0000)]
  0x0000000014d65000 JavaThread "C2 CompilerThread0" daemon [_thread_blocked, id=21156, stack(0x00000000163b0000,0x00000000164b0000)]
  0x0000000014d5e800 JavaThread "Attach Listener" daemon [_thread_blocked, id=22264, stack(0x00000000162b0000,0x00000000163b0000)]
  0x0000000014d5a000 JavaThread "Signal Dispatcher" daemon [_thread_blocked, id=10612, stack(0x00000000161b0000,0x00000000162b0000)]
  0x0000000014d3b800 JavaThread "Finalizer" daemon [_thread_blocked, id=24456, stack(0x0000000015fa0000,0x00000000160a0000)]
  0x0000000014d3a000 JavaThread "Reference Handler" daemon [_thread_blocked, id=25344, stack(0x0000000015ea0000,0x0000000015fa0000)]
=>0x0000000002656000 JavaThread "main" [_thread_in_vm, id=2000, stack(0x0000000002550000,0x0000000002650000)]

Other Threads:
  0x0000000014d17000 VMThread [stack: 0x0000000015da0000,0x0000000015ea0000] [id=15376]
  0x0000000017132000 WatcherThread [stack: 0x00000000179f0000,0x0000000017af0000] [id=25508]

VM state:not at safepoint (normal execution)

VM Mutex/Monitor currently owned by a thread: None

heap address: 0x00000000c1600000, size: 1002 MB, Compressed Oops mode: 32-bit
Narrow klass base: 0x0000000000000000, Narrow klass shift: 3
Compressed class space size: 1073741824 Address: 0x0000000100000000

Heap:
 PSYoungGen      total 137728K, used 109009K [0x00000000eb200000, 0x00000000f8200000, 0x0000000100000000)
  eden space 129024K, 84% used [0x00000000eb200000,0x00000000f1c74678,0x00000000f3000000)
  from space 8704K, 0% used [0x00000000f3000000,0x00000000f3000000,0x00000000f3880000)
  to   space 11776K, 0% used [0x00000000f7680000,0x00000000f7680000,0x00000000f8200000)
 ParOldGen       total 47616K, used 17609K [0x00000000c1600000, 0x00000000c4480000, 0x00000000eb200000)
  object space 47616K, 36% used [0x00000000c1600000,0x00000000c27325c0,0x00000000c4480000)
 Metaspace       used 43693K, capacity 45788K, committed 46080K, reserved 1089536K
  class space    used 6212K, capacity 6586K, committed 6656K, reserved 1048576K

Card table byte_map: [0x0000000011b10000,0x0000000011d10000] byte_map_base: 0x0000000011505000

Marking Bits: (ParMarkBitMap*) 0x000000005a83be30
 Begin Bits: [0x0000000012260000, 0x0000000013208000)
 End Bits:   [0x0000000013208000, 0x00000000141b0000)

Polling page: 0x0000000000740000

CodeCache: size=245760Kb used=6492Kb max_used=6492Kb free=239267Kb
 bounds [0x0000000002750000, 0x0000000002db0000, 0x0000000011750000]
 total_blobs=3854 nmethods=3350 adapters=415
 compilation: enabled

Compilation events (10 events):
Event: 24.592 Thread 0x0000000014da8800 3346       1       java.lang.Throwable::<init> (34 bytes)
Event: 24.594 Thread 0x0000000014da8800 nmethod 3346 0x0000000002da5550 code [0x0000000002da56c0, 0x0000000002da5888]
Event: 24.594 Thread 0x0000000014da8800 3348       1       org.springframework.core.MethodParameter::getParameterType (48 bytes)
Event: 24.594 Thread 0x0000000014da8800 nmethod 3348 0x0000000002da5910 code [0x0000000002da5aa0, 0x0000000002da5cf8]
Event: 24.595 Thread 0x0000000014da8800 3347       1       org.springframework.util.ConcurrentReferenceHashMap::putIfAbsent (8 bytes)
Event: 24.597 Thread 0x0000000014da8800 nmethod 3347 0x0000000002da5e50 code [0x0000000002da5fe0, 0x0000000002da63e8]
Event: 24.612 Thread 0x0000000014da8800 3349       1       java.lang.invoke.BoundMethodHandle::editor (8 bytes)
Event: 24.612 Thread 0x0000000014da8800 nmethod 3349 0x0000000002da6750 code [0x0000000002da68c0, 0x0000000002da6a68]
Event: 24.612 Thread 0x0000000014da8800 3350       1       java.lang.invoke.LambdaForm::editor (5 bytes)
Event: 24.612 Thread 0x0000000014da8800 nmethod 3350 0x0000000002da6b50 code [0x0000000002da6cc0, 0x0000000002da6e68]

GC Heap History (10 events):
Event: 12.925 GC heap before
{Heap before GC invocations=7 (full 0):
 PSYoungGen      total 72704K, used 14307K [0x00000000eb200000, 0x00000000f0000000, 0x0000000100000000)
  eden space 65536K, 16% used [0x00000000eb200000,0x00000000ebcd0d40,0x00000000ef200000)
  from space 7168K, 45% used [0x00000000ef900000,0x00000000efc28000,0x00000000f0000000)
  to   space 7168K, 0% used [0x00000000ef200000,0x00000000ef200000,0x00000000ef900000)
 ParOldGen       total 44032K, used 10990K [0x00000000c1600000, 0x00000000c4100000, 0x00000000eb200000)
  object space 44032K, 24% used [0x00000000c1600000,0x00000000c20bb9f0,0x00000000c4100000)
 Metaspace       used 20464K, capacity 21184K, committed 21296K, reserved 1067008K
  class space    used 2744K, capacity 2924K, committed 2944K, reserved 1048576K
Event: 12.932 GC heap after
Heap after GC invocations=7 (full 0):
 PSYoungGen      total 72704K, used 1957K [0x00000000eb200000, 0x00000000f4100000, 0x0000000100000000)
  eden space 65536K, 0% used [0x00000000eb200000,0x00000000eb200000,0x00000000ef200000)
  from space 7168K, 27% used [0x00000000ef200000,0x00000000ef3e9730,0x00000000ef900000)
  to   space 7680K, 0% used [0x00000000f3980000,0x00000000f3980000,0x00000000f4100000)
 ParOldGen       total 44032K, used 12401K [0x00000000c1600000, 0x00000000c4100000, 0x00000000eb200000)
  object space 44032K, 28% used [0x00000000c1600000,0x00000000c221c648,0x00000000c4100000)
 Metaspace       used 20464K, capacity 21184K, committed 21296K, reserved 1067008K
  class space    used 2744K, capacity 2924K, committed 2944K, reserved 1048576K
}
Event: 12.932 GC heap before
{Heap before GC invocations=8 (full 1):
 PSYoungGen      total 72704K, used 1957K [0x00000000eb200000, 0x00000000f4100000, 0x0000000100000000)
  eden space 65536K, 0% used [0x00000000eb200000,0x00000000eb200000,0x00000000ef200000)
  from space 7168K, 27% used [0x00000000ef200000,0x00000000ef3e9730,0x00000000ef900000)
  to   space 7680K, 0% used [0x00000000f3980000,0x00000000f3980000,0x00000000f4100000)
 ParOldGen       total 44032K, used 12401K [0x00000000c1600000, 0x00000000c4100000, 0x00000000eb200000)
  object space 44032K, 28% used [0x00000000c1600000,0x00000000c221c648,0x00000000c4100000)
 Metaspace       used 20464K, capacity 21184K, committed 21296K, reserved 1067008K
  class space    used 2744K, capacity 2924K, committed 2944K, reserved 1048576K
Event: 13.004 GC heap after
Heap after GC invocations=8 (full 1):
 PSYoungGen      total 72704K, used 0K [0x00000000eb200000, 0x00000000f4100000, 0x0000000100000000)
  eden space 65536K, 0% used [0x00000000eb200000,0x00000000eb200000,0x00000000ef200000)
  from space 7168K, 0% used [0x00000000ef200000,0x00000000ef200000,0x00000000ef900000)
  to   space 7680K, 0% used [0x00000000f3980000,0x00000000f3980000,0x00000000f4100000)
 ParOldGen       total 28160K, used 5672K [0x00000000c1600000, 0x00000000c3180000, 0x00000000eb200000)
  object space 28160K, 20% used [0x00000000c1600000,0x00000000c1b8a308,0x00000000c3180000)
 Metaspace       used 20463K, capacity 21178K, committed 21296K, reserved 1067008K
  class space    used 2744K, capacity 2923K, committed 2944K, reserved 1048576K
}
Event: 14.830 GC heap before
{Heap before GC invocations=9 (full 1):
 PSYoungGen      total 72704K, used 65536K [0x00000000eb200000, 0x00000000f4100000, 0x0000000100000000)
  eden space 65536K, 100% used [0x00000000eb200000,0x00000000ef200000,0x00000000ef200000)
  from space 7168K, 0% used [0x00000000ef200000,0x00000000ef200000,0x00000000ef900000)
  to   space 7680K, 0% used [0x00000000f3980000,0x00000000f3980000,0x00000000f4100000)
 ParOldGen       total 28160K, used 5672K [0x00000000c1600000, 0x00000000c3180000, 0x00000000eb200000)
  object space 28160K, 20% used [0x00000000c1600000,0x00000000c1b8a308,0x00000000c3180000)
 Metaspace       used 24716K, capacity 25886K, committed 25984K, reserved 1071104K
  class space    used 3388K, capacity 3655K, committed 3712K, reserved 1048576K
Event: 14.842 GC heap after
Heap after GC invocations=9 (full 1):
 PSYoungGen      total 132096K, used 7674K [0x00000000eb200000, 0x00000000f4100000, 0x0000000100000000)
  eden space 124416K, 0% used [0x00000000eb200000,0x00000000eb200000,0x00000000f2b80000)
  from space 7680K, 99% used [0x00000000f3980000,0x00000000f40fe8b0,0x00000000f4100000)
  to   space 8704K, 0% used [0x00000000f3000000,0x00000000f3000000,0x00000000f3880000)
 ParOldGen       total 28160K, used 5957K [0x00000000c1600000, 0x00000000c3180000, 0x00000000eb200000)
  object space 28160K, 21% used [0x00000000c1600000,0x00000000c1bd1438,0x00000000c3180000)
 Metaspace       used 24716K, capacity 25886K, committed 25984K, reserved 1071104K
  class space    used 3388K, capacity 3655K, committed 3712K, reserved 1048576K
}
Event: 17.734 GC heap before
{Heap before GC invocations=10 (full 1):
 PSYoungGen      total 132096K, used 124380K [0x00000000eb200000, 0x00000000f4100000, 0x0000000100000000)
  eden space 124416K, 93% used [0x00000000eb200000,0x00000000f23f8a80,0x00000000f2b80000)
  from space 7680K, 99% used [0x00000000f3980000,0x00000000f40fe8b0,0x00000000f4100000)
  to   space 8704K, 0% used [0x00000000f3000000,0x00000000f3000000,0x00000000f3880000)
 ParOldGen       total 28160K, used 5957K [0x00000000c1600000, 0x00000000c3180000, 0x00000000eb200000)
  object space 28160K, 21% used [0x00000000c1600000,0x00000000c1bd1438,0x00000000c3180000)
 Metaspace       used 33380K, capacity 35260K, committed 35456K, reserved 1079296K
  class space    used 4532K, capacity 4904K, committed 4992K, reserved 1048576K
Event: 17.759 GC heap after
Heap after GC invocations=10 (full 1):
 PSYoungGen      total 137728K, used 8678K [0x00000000eb200000, 0x00000000f8200000, 0x0000000100000000)
  eden space 129024K, 0% used [0x00000000eb200000,0x00000000eb200000,0x00000000f3000000)
  from space 8704K, 99% used [0x00000000f3000000,0x00000000f3879ab8,0x00000000f3880000)
  to   space 11776K, 0% used [0x00000000f7680000,0x00000000f7680000,0x00000000f8200000)
 ParOldGen       total 28160K, used 10407K [0x00000000c1600000, 0x00000000c3180000, 0x00000000eb200000)
  object space 28160K, 36% used [0x00000000c1600000,0x00000000c2029d90,0x00000000c3180000)
 Metaspace       used 33380K, capacity 35260K, committed 35456K, reserved 1079296K
  class space    used 4532K, capacity 4904K, committed 4992K, reserved 1048576K
}
Event: 17.759 GC heap before
{Heap before GC invocations=11 (full 2):
 PSYoungGen      total 137728K, used 8678K [0x00000000eb200000, 0x00000000f8200000, 0x0000000100000000)
  eden space 129024K, 0% used [0x00000000eb200000,0x00000000eb200000,0x00000000f3000000)
  from space 8704K, 99% used [0x00000000f3000000,0x00000000f3879ab8,0x00000000f3880000)
  to   space 11776K, 0% used [0x00000000f7680000,0x00000000f7680000,0x00000000f8200000)
 ParOldGen       total 28160K, used 10407K [0x00000000c1600000, 0x00000000c3180000, 0x00000000eb200000)
  object space 28160K, 36% used [0x00000000c1600000,0x00000000c2029d90,0x00000000c3180000)
 Metaspace       used 33380K, capacity 35260K, committed 35456K, reserved 1079296K
  class space    used 4532K, capacity 4904K, committed 4992K, reserved 1048576K
Event: 17.933 GC heap after
Heap after GC invocations=11 (full 2):
 PSYoungGen      total 137728K, used 0K [0x00000000eb200000, 0x00000000f8200000, 0x0000000100000000)
  eden space 129024K, 0% used [0x00000000eb200000,0x00000000eb200000,0x00000000f3000000)
  from space 8704K, 0% used [0x00000000f3000000,0x00000000f3000000,0x00000000f3880000)
  to   space 11776K, 0% used [0x00000000f7680000,0x00000000f7680000,0x00000000f8200000)
 ParOldGen       total 47616K, used 17609K [0x00000000c1600000, 0x00000000c4480000, 0x00000000eb200000)
  object space 47616K, 36% used [0x00000000c1600000,0x00000000c27325c0,0x00000000c4480000)
 Metaspace       used 33380K, capacity 35260K, committed 35456K, reserved 1079296K
  class space    used 4532K, capacity 4904K, committed 4992K, reserved 1048576K
}

Deoptimization events (0 events):
No events

Classes redefined (0 events):
No events

Internal exceptions (10 events):
Event: 24.589 Thread 0x0000000002656000 Exception <a 'java/lang/ArrayIndexOutOfBoundsException'> (0x00000000f1945f28) thrown at [C:\ade\jenkins\workspace\8-2-build-windows-amd64-cygwin\jdk8u241\331\hotspot\src\share\vm\runtime\sharedRuntime.cpp, line 605]
Event: 24.589 Thread 0x0000000002656000 Exception <a 'java/lang/ArrayIndexOutOfBoundsException'> (0x00000000f1947cb0) thrown at [C:\ade\jenkins\workspace\8-2-build-windows-amd64-cygwin\jdk8u241\331\hotspot\src\share\vm\runtime\sharedRuntime.cpp, line 605]
Event: 24.589 Thread 0x0000000002656000 Exception <a 'java/lang/ArrayIndexOutOfBoundsException'> (0x00000000f194b3c8) thrown at [C:\ade\jenkins\workspace\8-2-build-windows-amd64-cygwin\jdk8u241\331\hotspot\src\share\vm\runtime\sharedRuntime.cpp, line 605]
Event: 24.590 Thread 0x0000000002656000 Exception <a 'java/lang/ArrayIndexOutOfBoundsException'> (0x00000000f194d5b0) thrown at [C:\ade\jenkins\workspace\8-2-build-windows-amd64-cygwin\jdk8u241\331\hotspot\src\share\vm\runtime\sharedRuntime.cpp, line 605]
Event: 24.590 Thread 0x0000000002656000 Exception <a 'java/lang/ArrayIndexOutOfBoundsException'> (0x00000000f194e648) thrown at [C:\ade\jenkins\workspace\8-2-build-windows-amd64-cygwin\jdk8u241\331\hotspot\src\share\vm\runtime\sharedRuntime.cpp, line 605]
Event: 24.591 Thread 0x0000000002656000 Exception <a 'java/lang/ArrayIndexOutOfBoundsException'> (0x00000000f1954370) thrown at [C:\ade\jenkins\workspace\8-2-build-windows-amd64-cygwin\jdk8u241\331\hotspot\src\share\vm\runtime\sharedRuntime.cpp, line 605]
Event: 24.591 Thread 0x0000000002656000 Exception <a 'java/lang/ArrayIndexOutOfBoundsException'> (0x00000000f1955328) thrown at [C:\ade\jenkins\workspace\8-2-build-windows-amd64-cygwin\jdk8u241\331\hotspot\src\share\vm\runtime\sharedRuntime.cpp, line 605]
Event: 24.591 Thread 0x0000000002656000 Exception <a 'java/lang/ArrayIndexOutOfBoundsException'> (0x00000000f1956c98) thrown at [C:\ade\jenkins\workspace\8-2-build-windows-amd64-cygwin\jdk8u241\331\hotspot\src\share\vm\runtime\sharedRuntime.cpp, line 605]
Event: 24.591 Thread 0x0000000002656000 Exception <a 'java/lang/ArrayIndexOutOfBoundsException'> (0x00000000f19580e8) thrown at [C:\ade\jenkins\workspace\8-2-build-windows-amd64-cygwin\jdk8u241\331\hotspot\src\share\vm\runtime\sharedRuntime.cpp, line 605]
Event: 24.613 Thread 0x0000000002656000 Exception <a 'java/lang/NoSuchMethodError': java.lang.Object.lambda$map$1(Ljava/util/function/Function;)Ljava/util/stream/Stream;> (0x00000000f1a7a760) thrown at [C:\ade\jenkins\workspace\8-2-build-windows-amd64-cygwin\jdk8u241\331\hotspot\src\share\vm\in

Events (10 events):
Event: 24.626 loading class org/springframework/orm/jpa/EntityManagerFactoryUtils
Event: 24.626 loading class org/springframework/orm/jpa/EntityManagerFactoryUtils done
Event: 24.627 loading class org/hibernate/internal/SessionImpl
Event: 24.627 loading class org/hibernate/internal/SessionImpl done
Event: 24.631 loading class org/hibernate/event/spi/EventSource
Event: 24.631 loading class org/hibernate/event/spi/EventSource done
Event: 24.636 loading class org/hibernate/internal/AbstractSessionImpl
Event: 24.636 loading class org/hibernate/internal/AbstractSessionImpl done
Event: 24.637 loading class org/hibernate/internal/AbstractSharedSessionContract
Event: 24.637 loading class org/hibernate/internal/AbstractSharedSessionContract done


Dynamic libraries:
0x00007ff6c5bf0000 - 0x00007ff6c5c27000 	C:\Program Files\Java\jdk1.8.0_241\bin\javaw.exe
0x00007ffcc6000000 - 0x00007ffcc61f0000 	C:\Windows\SYSTEM32\ntdll.dll
0x00007ffcc47d0000 - 0x00007ffcc4882000 	C:\Windows\System32\KERNEL32.DLL
0x00007ffcc39e0000 - 0x00007ffcc3c84000 	C:\Windows\System32\KERNELBASE.dll
0x00007ffcc5340000 - 0x00007ffcc53e3000 	C:\Windows\System32\ADVAPI32.dll
0x00007ffcc4960000 - 0x00007ffcc49fe000 	C:\Windows\System32\msvcrt.dll
0x00007ffcc5730000 - 0x00007ffcc57c7000 	C:\Windows\System32\sechost.dll
0x00007ffcc5850000 - 0x00007ffcc5970000 	C:\Windows\System32\RPCRT4.dll
0x00007ffcc4630000 - 0x00007ffcc47c4000 	C:\Windows\System32\USER32.dll
0x00007ffcc3e30000 - 0x00007ffcc3e51000 	C:\Windows\System32\win32u.dll
0x00007ffcc51f0000 - 0x00007ffcc5216000 	C:\Windows\System32\GDI32.dll
0x00007ffcc3c90000 - 0x00007ffcc3e24000 	C:\Windows\System32\gdi32full.dll
0x00007ffcc30c0000 - 0x00007ffcc315e000 	C:\Windows\System32\msvcp_win.dll
0x00007ffcc38e0000 - 0x00007ffcc39da000 	C:\Windows\System32\ucrtbase.dll
0x00007ffcb3350000 - 0x00007ffcb35d4000 	C:\Windows\WinSxS\amd64_microsoft.windows.common-controls_6595b64144ccf1df_6.0.18362.836_none_e6c4b943130f18ed\COMCTL32.dll
0x00007ffcc53f0000 - 0x00007ffcc5726000 	C:\Windows\System32\combase.dll
0x00007ffcc3e60000 - 0x00007ffcc3ee0000 	C:\Windows\System32\bcryptPrimitives.dll
0x00007ffcc5e90000 - 0x00007ffcc5ebe000 	C:\Windows\System32\IMM32.DLL
0x000000005a8c0000 - 0x000000005a992000 	C:\Program Files\Java\jdk1.8.0_241\jre\bin\msvcr100.dll
0x000000005a010000 - 0x000000005a8bc000 	C:\Program Files\Java\jdk1.8.0_241\jre\bin\server\jvm.dll
0x00007ffcc5fb0000 - 0x00007ffcc5fb8000 	C:\Windows\System32\PSAPI.DLL
0x00007ffcadbc0000 - 0x00007ffcadbc9000 	C:\Windows\SYSTEM32\WSOCK32.dll
0x00007ffcc0f10000 - 0x00007ffcc0f34000 	C:\Windows\SYSTEM32\WINMM.dll
0x00007ffcb3ca0000 - 0x00007ffcb3caa000 	C:\Windows\SYSTEM32\VERSION.dll
0x00007ffcc5f40000 - 0x00007ffcc5faf000 	C:\Windows\System32\WS2_32.dll
0x00007ffcc0eb0000 - 0x00007ffcc0edd000 	C:\Windows\SYSTEM32\WINMMBASE.dll
0x00007ffcc4060000 - 0x00007ffcc40aa000 	C:\Windows\System32\cfgmgr32.dll
0x00007ffcc0fc0000 - 0x00007ffcc0fcf000 	C:\Program Files\Java\jdk1.8.0_241\jre\bin\verify.dll
0x00007ffcafd00000 - 0x00007ffcafd29000 	C:\Program Files\Java\jdk1.8.0_241\jre\bin\java.dll
0x00007ffcbf770000 - 0x00007ffcbf786000 	C:\Program Files\Java\jdk1.8.0_241\jre\bin\zip.dll
0x00007ffcc4a00000 - 0x00007ffcc50e4000 	C:\Windows\System32\SHELL32.dll
0x00007ffcc5290000 - 0x00007ffcc5339000 	C:\Windows\System32\shcore.dll
0x00007ffcc3160000 - 0x00007ffcc38de000 	C:\Windows\System32\windows.storage.dll
0x00007ffcc2ed0000 - 0x00007ffcc2ef3000 	C:\Windows\System32\profapi.dll
0x00007ffcc2f20000 - 0x00007ffcc2f6a000 	C:\Windows\System32\powrprof.dll
0x00007ffcc2ec0000 - 0x00007ffcc2ed0000 	C:\Windows\System32\UMPDC.dll
0x00007ffcc5170000 - 0x00007ffcc51c2000 	C:\Windows\System32\shlwapi.dll
0x00007ffcc2f00000 - 0x00007ffcc2f11000 	C:\Windows\System32\kernel.appcore.dll
0x00007ffcc2ff0000 - 0x00007ffcc3007000 	C:\Windows\System32\cryptsp.dll
0x00007ffcbf7b0000 - 0x00007ffcbf7bd000 	C:\Program Files\Java\jdk1.8.0_241\jre\bin\management.dll
0x00007ffcb3d10000 - 0x00007ffcb3d2a000 	C:\Program Files\Java\jdk1.8.0_241\jre\bin\net.dll
0x00007ffcc26e0000 - 0x00007ffcc2747000 	C:\Windows\system32\mswsock.dll
0x00007ffcb0140000 - 0x00007ffcb0152000 	C:\Program Files\Java\jdk1.8.0_241\jre\bin\nio.dll
0x00007ffca4ac0000 - 0x00007ffca4ad6000 	C:\Windows\system32\napinsp.dll
0x00007ffca4ae0000 - 0x00007ffca4afa000 	C:\Windows\system32\pnrpnsp.dll
0x00007ffcc2440000 - 0x00007ffcc250b000 	C:\Windows\SYSTEM32\DNSAPI.dll
0x00007ffcc50f0000 - 0x00007ffcc50f8000 	C:\Windows\System32\NSI.dll
0x00007ffcc2400000 - 0x00007ffcc243a000 	C:\Windows\SYSTEM32\IPHLPAPI.DLL
0x00007ffca5bb0000 - 0x00007ffca5bbe000 	C:\Windows\System32\winrnr.dll
0x00007ffcbf680000 - 0x00007ffcbf69c000 	C:\Windows\system32\NLAapi.dll
0x00007ffcbd5e0000 - 0x00007ffcbd5f5000 	C:\Windows\system32\wshbth.dll
0x00007ffcba960000 - 0x00007ffcba96a000 	C:\Windows\System32\rasadhlp.dll
0x00007ffcbadf0000 - 0x00007ffcbae67000 	C:\Windows\System32\fwpuclnt.dll
0x00007ffcc4030000 - 0x00007ffcc4056000 	C:\Windows\System32\bcrypt.dll
0x00007ffcc2260000 - 0x00007ffcc2293000 	C:\Windows\system32\rsaenh.dll
0x00007ffcc2de0000 - 0x00007ffcc2e05000 	C:\Windows\SYSTEM32\USERENV.dll
0x00007ffcc2860000 - 0x00007ffcc286c000 	C:\Windows\SYSTEM32\CRYPTBASE.dll
0x00007ffcbbe50000 - 0x00007ffcbbe66000 	C:\Windows\SYSTEM32\dhcpcsvc6.DLL
0x00007ffcbbe00000 - 0x00007ffcbbe1c000 	C:\Windows\SYSTEM32\dhcpcsvc.DLL

VM Arguments:
jvm_args: -Dcom.sun.management.jmxremote -Dcom.sun.management.jmxremote.port=59179 -Dcom.sun.management.jmxremote.authenticate=false -Dcom.sun.management.jmxremote.ssl=false -Djava.rmi.server.hostname=localhost -Dspring.jmx.enabled=true -Dspring.liveBeansView.mbeanDomain -Dspring.application.admin.enabled=true -Xverify:none -XX:TieredStopAtLevel=1 -Dfile.encoding=UTF-8 
java_command: br.uece.eesdevops.cearamovies.IntroducaoSpringBootApplication --spring.output.ansi.enabled=always
java_class_path (initial): C:\projetos\ees-devops\movies\app-movies-spring-react\movies-back\target\classes;C:\Users\marco\.m2\repository\org\springframework\boot\spring-boot-starter-web\2.2.6.RELEASE\spring-boot-starter-web-2.2.6.RELEASE.jar;C:\Users\marco\.m2\repository\org\springframework\boot\spring-boot-starter\2.2.6.RELEASE\spring-boot-starter-2.2.6.RELEASE.jar;C:\Users\marco\.m2\repository\org\springframework\boot\spring-boot\2.2.6.RELEASE\spring-boot-2.2.6.RELEASE.jar;C:\Users\marco\.m2\repository\org\springframework\boot\spring-boot-autoconfigure\2.2.6.RELEASE\spring-boot-autoconfigure-2.2.6.RELEASE.jar;C:\Users\marco\.m2\repository\org\springframework\boot\spring-boot-starter-logging\2.2.6.RELEASE\spring-boot-starter-logging-2.2.6.RELEASE.jar;C:\Users\marco\.m2\repository\ch\qos\logback\logback-classic\1.2.3\logback-classic-1.2.3.jar;C:\Users\marco\.m2\repository\ch\qos\logback\logback-core\1.2.3\logback-core-1.2.3.jar;C:\Users\marco\.m2\repository\org\apache\logging\log4j\log4j-to-slf4j\2.12.1\log4j-to-slf4j-2.12.1.jar;C:\Users\marco\.m2\repository\org\apache\logging\log4j\log4j-api\2.12.1\log4j-api-2.12.1.jar;C:\Users\marco\.m2\repository\org\slf4j\jul-to-slf4j\1.7.30\jul-to-slf4j-1.7.30.jar;C:\Users\marco\.m2\repository\jakarta\annotation\jakarta.annotation-api\1.3.5\jakarta.annotation-api-1.3.5.jar;C:\Users\marco\.m2\repository\org\yaml\snakeyaml\1.25\snakeyaml-1.25.jar;C:\Users\marco\.m2\repository\org\springframework\boot\spring-boot-starter-json\2.2.6.RELEASE\spring-boot-starter-json-2.2.6.RELEASE.jar;C:\Users\marco\.m2\repository\com\fasterxml\jackson\core\jackson-databind\2.10.3\jackson-databind-2.10.3.jar;C:\Users\marco\.m2\repository\com\fasterxml\jackson\core\jackson-annotations\2.10.3\jackson-annotations-2.10.3.jar;C:\Users\marco\.m2\repository\com\fasterxml\jackson\core\jackson-core\2.10.3\jackson-core-2.10.3.jar;C:\Users\marco\.m2\repository\com\fasterxml\jackson\datatype\jackson-datatype-jdk8\2.10.3\jackson-datatype-jdk8-2.10.3.jar;C:\Use
Launcher Type: SUN_STANDARD

Environment Variables:
JAVA_HOME=C:\Program Files\Java\jdk1.8.0_241
PATH=C:/Program Files/Java/jre1.8.0_241/bin/server;C:/Program Files/Java/jre1.8.0_241/bin;C:/Program Files/Java/jre1.8.0_241/lib/amd64;C:\Program Files (x86)\Common Files\Oracle\Java\javapath;C:\Windows\system32;C:\Windows;C:\Windows\System32\Wbem;C:\Windows\System32\WindowsPowerShell\v1.0\;C:\Windows\System32\OpenSSH\;C:\Program Files\Java\jdk1.8.0_241\bin;C:\Program Files\Git\cmd;C:\Program Files (x86)\Yarn\bin\;C:\Program Files\TortoiseGit\bin;C:\Program Files\PuTTY\;C:\Program Files\nodejs\;C:\Program Files\Docker\Docker\resources\bin;C:\ProgramData\DockerDesktop\version-bin;C:\servers\apache-artemis-2.12.0\bin;C:\Users\marco\scoop\apps\maven\current\bin;C:\Users\marco\scoop\shims;C:\Users\marco\AppData\Local\Microsoft\WindowsApps;C:\Users\marco\AppData\Local\Programs\Microsoft VS Code\bin;C:\Users\marco\AppData\Local\Yarn\bin;C:\Users\marco\AppData\Roaming\npm;C:\Program Files\JetBrains\IntelliJ IDEA 2019.3.4\bin;;C:\ide\eclipse\sts-bundle\sts-3.9.9.RELEASE;
USERNAME=marco
OS=Windows_NT
PROCESSOR_IDENTIFIER=Intel64 Family 6 Model 69 Stepping 1, GenuineIntel



---------------  S Y S T E M  ---------------

OS: Windows 10.0 , 64 bit Build 18362 (10.0.18362.778)

CPU:total 4 (initial active 4) (2 cores per cpu, 2 threads per core) family 6 model 69 stepping 1, cmov, cx8, fxsr, mmx, sse, sse2, sse3, ssse3, sse4.1, sse4.2, popcnt, avx, avx2, aes, clmul, erms, lzcnt, ht, tsc, tscinvbit, bmi1, bmi2

Memory: 4k page, physical 4096184k(221640k free), swap 16679096k(940k free)

vm_info: Java HotSpot(TM) 64-Bit Server VM (25.241-b07) for windows-amd64 JRE (1.8.0_241-b07), built on Dec 11 2019 10:21:40 by "rejava" with MS VC++ 10.0 (VS2010)

time: Sun May 31 23:42:48 2020
timezone: Hora Padrão de Buenos Aires
elapsed time: 24 seconds (0d 0h 0m 24s)

